# JRE version: OpenJDK Runtime Environment Microsoft-8035246 (17.0.8+7) (build 17.0.8+7-LTS)
# Java VM: OpenJDK 64-Bit Server VM Microsoft-8035246 (17.0.8+7-LTS, mixed mode, sharing, tiered, compressed oops, compressed class ptrs, g1 gc, windows-amd64)
GC Precious Log:
 CPUs: 12 total, 12 available
 Memory: 16088M
 Large Page Support: Disabled
 NUMA Support: Disabled
 Compressed Oops: Enabled (32-bit)
 Heap Region Size: 1M
 Heap Min Capacity: 8M
 Heap Initial Capacity: 252M
 Heap Max Capacity: 2G
 Pre-touch: Disabled
 Parallel Workers: 10
 Concurrent Workers: 3
 Concurrent Refinement Workers: 10
 Periodic GC: Disabled
Heap:
 garbage-first heap   total 306176K, used 232173K [0x0000000080000000, 0x0000000100000000)
  region size 1024K, 15 young (15360K), 4 survivors (4096K)
 Metaspace       used 113040K, committed 114240K, reserved 557056K
  class space    used 15627K, committed 16192K, reserved 425984K
GC Heap History (20 events):
Event: 52.933 GC heap before
{Heap before GC invocations=54 (full 0):
 garbage-first heap   total 254976K, used 216180K [0x0000000080000000, 0x0000000100000000)
  region size 1024K, 31 young (31744K), 2 survivors (2048K)
 Metaspace       used 108529K, committed 109696K, reserved 557056K
  class space    used 15104K, committed 15680K, reserved 425984K
}
Event: 52.940 GC heap after
{Heap after GC invocations=55 (full 0):
 garbage-first heap   total 254976K, used 190877K [0x0000000080000000, 0x0000000100000000)
  region size 1024K, 4 young (4096K), 4 survivors (4096K)
 Metaspace       used 108529K, committed 109696K, reserved 557056K
  class space    used 15104K, committed 15680K, reserved 425984K
}
Event: 53.183 GC heap before
{Heap before GC invocations=55 (full 0):
 garbage-first heap   total 254976K, used 217501K [0x0000000080000000, 0x0000000100000000)
  region size 1024K, 30 young (30720K), 4 survivors (4096K)
 Metaspace       used 109058K, committed 110144K, reserved 557056K
  class space    used 15162K, committed 15680K, reserved 425984K
}
Event: 53.190 GC heap after
{Heap after GC invocations=56 (full 0):
 garbage-first heap   total 254976K, used 194825K [0x0000000080000000, 0x0000000100000000)
  region size 1024K, 4 young (4096K), 4 survivors (4096K)
 Metaspace       used 109058K, committed 110144K, reserved 557056K
  class space    used 15162K, committed 15680K, reserved 425984K
}
Event: 53.371 GC heap before
{Heap before GC invocations=56 (full 0):
 garbage-first heap   total 254976K, used 218377K [0x0000000080000000, 0x0000000100000000)
  region size 1024K, 27 young (27648K), 4 survivors (4096K)
 Metaspace       used 109184K, committed 110272K, reserved 557056K
  class space    used 15162K, committed 15680K, reserved 425984K
}
Event: 53.376 GC heap after
{Heap after GC invocations=57 (full 0):
 garbage-first heap   total 254976K, used 196946K [0x0000000080000000, 0x0000000100000000)
  region size 1024K, 3 young (3072K), 3 survivors (3072K)
 Metaspace       used 109184K, committed 110272K, reserved 557056K
  class space    used 15162K, committed 15680K, reserved 425984K
}
Event: 53.539 GC heap before
{Heap before GC invocations=57 (full 0):
 garbage-first heap   total 254976K, used 219474K [0x0000000080000000, 0x0000000100000000)
  region size 1024K, 25 young (25600K), 3 survivors (3072K)
 Metaspace       used 109299K, committed 110464K, reserved 557056K
  class space    used 15162K, committed 15680K, reserved 425984K
}
Event: 53.543 GC heap after
{Heap after GC invocations=58 (full 0):
 garbage-first heap   total 254976K, used 198861K [0x0000000080000000, 0x0000000100000000)
  region size 1024K, 4 young (4096K), 4 survivors (4096K)
 Metaspace       used 109299K, committed 110464K, reserved 557056K
  class space    used 15162K, committed 15680K, reserved 425984K
}
Event: 53.660 GC heap before
{Heap before GC invocations=58 (full 0):
 garbage-first heap   total 254976K, used 220365K [0x0000000080000000, 0x0000000100000000)
  region size 1024K, 25 young (25600K), 4 survivors (4096K)
 Metaspace       used 109466K, committed 110656K, reserved 557056K
  class space    used 15181K, committed 15744K, reserved 425984K
}
Event: 53.666 GC heap after
{Heap after GC invocations=59 (full 0):
 garbage-first heap   total 306176K, used 202133K [0x0000000080000000, 0x0000000100000000)
  region size 1024K, 4 young (4096K), 4 survivors (4096K)
 Metaspace       used 109466K, committed 110656K, reserved 557056K
  class space    used 15181K, committed 15744K, reserved 425984K
}
Event: 54.209 GC heap before
{Heap before GC invocations=59 (full 0):
 garbage-first heap   total 306176K, used 257429K [0x0000000080000000, 0x0000000100000000)
  region size 1024K, 54 young (55296K), 4 survivors (4096K)
 Metaspace       used 112087K, committed 113280K, reserved 557056K
  class space    used 15524K, committed 16064K, reserved 425984K
}
Event: 54.215 GC heap after
{Heap after GC invocations=60 (full 0):
 garbage-first heap   total 306176K, used 207683K [0x0000000080000000, 0x0000000100000000)
  region size 1024K, 7 young (7168K), 7 survivors (7168K)
 Metaspace       used 112087K, committed 113280K, reserved 557056K
  class space    used 15524K, committed 16064K, reserved 425984K
}
Event: 54.630 GC heap before
{Heap before GC invocations=60 (full 0):
 garbage-first heap   total 306176K, used 255811K [0x0000000080000000, 0x0000000100000000)
  region size 1024K, 55 young (56320K), 7 survivors (7168K)
 Metaspace       used 112427K, committed 113664K, reserved 557056K
  class space    used 15545K, committed 16128K, reserved 425984K
}
Event: 54.638 GC heap after
{Heap after GC invocations=61 (full 0):
 garbage-first heap   total 306176K, used 210119K [0x0000000080000000, 0x0000000100000000)
  region size 1024K, 3 young (3072K), 3 survivors (3072K)
 Metaspace       used 112427K, committed 113664K, reserved 557056K
  class space    used 15545K, committed 16128K, reserved 425984K
}
Event: 54.974 GC heap before
{Heap before GC invocations=61 (full 0):
 garbage-first heap   total 306176K, used 258247K [0x0000000080000000, 0x0000000100000000)
  region size 1024K, 51 young (52224K), 3 survivors (3072K)
 Metaspace       used 112960K, committed 114176K, reserved 557056K
  class space    used 15627K, committed 16192K, reserved 425984K
}
Event: 54.979 GC heap after
{Heap after GC invocations=62 (full 0):
 garbage-first heap   total 306176K, used 216286K [0x0000000080000000, 0x0000000100000000)
  region size 1024K, 7 young (7168K), 7 survivors (7168K)
 Metaspace       used 112960K, committed 114176K, reserved 557056K
  class space    used 15627K, committed 16192K, reserved 425984K
}
Event: 55.201 GC heap before
{Heap before GC invocations=62 (full 0):
 garbage-first heap   total 306176K, used 258270K [0x0000000080000000, 0x0000000100000000)
  region size 1024K, 49 young (50176K), 7 survivors (7168K)
 Metaspace       used 113015K, committed 114240K, reserved 557056K
  class space    used 15627K, committed 16192K, reserved 425984K
}
Event: 55.207 GC heap after
{Heap after GC invocations=63 (full 0):
 garbage-first heap   total 306176K, used 219972K [0x0000000080000000, 0x0000000100000000)
  region size 1024K, 5 young (5120K), 5 survivors (5120K)
 Metaspace       used 113015K, committed 114240K, reserved 557056K
  class space    used 15627K, committed 16192K, reserved 425984K
}
Event: 55.572 GC heap before
{Heap before GC invocations=63 (full 0):
 garbage-first heap   total 306176K, used 260932K [0x0000000080000000, 0x0000000100000000)
  region size 1024K, 45 young (46080K), 5 survivors (5120K)
 Metaspace       used 113030K, committed 114240K, reserved 557056K
  class space    used 15627K, committed 16192K, reserved 425984K
}
Event: 55.577 GC heap after
{Heap after GC invocations=64 (full 0):
 garbage-first heap   total 306176K, used 221933K [0x0000000080000000, 0x0000000100000000)
  region size 1024K, 4 young (4096K), 4 survivors (4096K)
 Metaspace       used 113030K, committed 114240K, reserved 557056K
  class space    used 15627K, committed 16192K, reserved 425984K
}

